10-Feb-2024 03:58:36.053 INFO [main] org.apache.catalina.core.ApplicationContext.log ContextListener: contextInitialized()
10-Feb-2024 03:58:36.057 INFO [main] org.apache.catalina.core.ApplicationContext.log SessionListener: contextInitialized()
10-Feb-2024 03:58:36.059 INFO [main] org.apache.catalina.core.ApplicationContext.log ContextListener: attributeAdded('StockTicker', 'async.Stockticker@476aac9')
10-Feb-2024 04:04:42.593 INFO [main] org.apache.catalina.core.ApplicationContext.log ContextListener: contextInitialized()
10-Feb-2024 04:04:42.597 INFO [main] org.apache.catalina.core.ApplicationContext.log SessionListener: contextInitialized()
10-Feb-2024 04:04:42.598 INFO [main] org.apache.catalina.core.ApplicationContext.log ContextListener: attributeAdded('StockTicker', 'async.Stockticker@2a2da905')
10-Feb-2024 04:04:42.718 INFO [main] org.apache.catalina.core.ApplicationContext.log SessionListener: contextDestroyed()
10-Feb-2024 04:04:42.721 INFO [main] org.apache.catalina.core.ApplicationContext.log ContextListener: contextDestroyed()
10-Feb-2024 04:05:58.040 INFO [Catalina-utility-1] org.apache.catalina.core.ApplicationContext.log 2 Spring WebApplicationInitializers detected on classpath
10-Feb-2024 04:06:00.811 INFO [Catalina-utility-1] org.apache.catalina.core.ApplicationContext.log Initializing Spring embedded WebApplicationContext
10-Feb-2024 04:17:23.074 INFO [main] org.apache.catalina.core.ApplicationContext.log SessionListener: contextDestroyed()
10-Feb-2024 04:17:23.074 INFO [main] org.apache.catalina.core.ApplicationContext.log ContextListener: contextDestroyed()
10-Feb-2024 04:17:23.081 INFO [main] org.apache.catalina.core.ApplicationContext.log Closing Spring root WebApplicationContext
10-Feb-2024 04:17:32.179 INFO [main] org.apache.catalina.core.ApplicationContext.log 2 Spring WebApplicationInitializers detected on classpath
10-Feb-2024 04:17:35.025 INFO [main] org.apache.catalina.core.ApplicationContext.log Initializing Spring embedded WebApplicationContext
10-Feb-2024 04:17:36.961 INFO [main] org.apache.catalina.core.ApplicationContext.log ContextListener: contextInitialized()
10-Feb-2024 04:17:36.962 INFO [main] org.apache.catalina.core.ApplicationContext.log SessionListener: contextInitialized()
10-Feb-2024 04:17:36.963 INFO [main] org.apache.catalina.core.ApplicationContext.log ContextListener: attributeAdded('StockTicker', 'async.Stockticker@6bc1c8d0')
10-Feb-2024 04:22:58.383 INFO [main] org.apache.catalina.core.ApplicationContext.log Closing Spring root WebApplicationContext
10-Feb-2024 04:22:58.416 INFO [main] org.apache.catalina.core.ApplicationContext.log SessionListener: contextDestroyed()
10-Feb-2024 04:22:58.416 INFO [main] org.apache.catalina.core.ApplicationContext.log ContextListener: contextDestroyed()
10-Feb-2024 04:23:06.575 INFO [main] org.apache.catalina.core.ApplicationContext.log 2 Spring WebApplicationInitializers detected on classpath
10-Feb-2024 04:23:09.366 INFO [main] org.apache.catalina.core.ApplicationContext.log Initializing Spring embedded WebApplicationContext
10-Feb-2024 04:23:11.458 INFO [main] org.apache.catalina.core.ApplicationContext.log ContextListener: contextInitialized()
10-Feb-2024 04:23:11.460 INFO [main] org.apache.catalina.core.ApplicationContext.log SessionListener: contextInitialized()
10-Feb-2024 04:23:11.461 INFO [main] org.apache.catalina.core.ApplicationContext.log ContextListener: attributeAdded('StockTicker', 'async.Stockticker@71d0ad00')
10-Feb-2024 04:23:36.488 INFO [http-nio-8080-exec-6] org.apache.catalina.core.ApplicationContext.log Initializing Spring DispatcherServlet 'dispatcherServlet'
